2026-06-01 18:19:59,130  W01  WARNING   Rate limited — throttling to 4.0 req/s
2026-06-01 18:19:59,131  W01  WARNING   pid=59464816 HTTP 429 attempt=1 retry in 1.35s
2026-06-01 18:19:59,335  W01  WARNING   Rate limited — throttling to 2.0 req/s
2026-06-01 18:19:59,336  W01  WARNING   pid=209351920 HTTP 429 attempt=1 retry in 1.61s
2026-06-01 18:20:00,443  W01  WARNING   Rate limited — throttling to 2.0 req/s
2026-06-01 18:20:00,443  W01  WARNING   pid=99071679 HTTP 429 attempt=1 retry in 1.54s
2026-06-01 18:20:08,066  W01  WARNING   Rate limited — throttling to 4.0 req/s
2026-06-01 18:20:08,067  W01  WARNING   pid=105615740 CAPTCHA detected attempt=1 backing off 13.6s
2026-06-01 18:20:08,214  W01  WARNING   Rate limited — throttling to 2.2 req/s
2026-06-01 18:20:08,214  W01  WARNING   pid=98804668 CAPTCHA detected attempt=1 backing off 14.6s
2026-06-01 18:20:08,281  W01  WARNING   Rate limited — throttling to 2.0 req/s
2026-06-01 18:20:08,281  W01  WARNING   pid=22475839 CAPTCHA detected attempt=1 backing off 11.9s
2026-06-01 18:20:08,511  W01  WARNING   Rate limited — throttling to 2.0 req/s
2026-06-01 18:20:08,511  W01  WARNING   pid=123950059 CAPTCHA detected attempt=1 backing off 13.4s
2026-06-01 18:20:08,515  W01  WARNING   Rate limited — throttling to 2.0 req/s
2026-06-01 18:20:08,515  W01  WARNING   pid=99071640 CAPTCHA detected attempt=1 backing off 13.4s
2026-06-01 18:20:08,626  W01  WARNING   Rate limited — throttling to 2.0 req/s
2026-06-01 18:20:08,627  W01  WARNING   pid=188549430 CAPTCHA detected attempt=1 backing off 12.0s
2026-06-01 18:20:08,694  W01  WARNING   Rate limited — throttling to 2.0 req/s
2026-06-01 18:20:08,694  W01  WARNING   pid=47993450 CAPTCHA detected attempt=1 backing off 14.8s
2026-06-01 18:20:08,765  W01  WARNING   Rate limited — throttling to 2.0 req/s
2026-06-01 18:20:08,765  W01  WARNING   pid=50356763 CAPTCHA detected attempt=1 backing off 14.4s
2026-06-01 18:20:09,049  W01  WARNING   Rate limited — throttling to 2.0 req/s
2026-06-01 18:20:09,049  W01  WARNING   pid=216720529 CAPTCHA detected attempt=1 backing off 10.7s
2026-06-01 18:20:09,114  W01  WARNING   Rate limited — throttling to 2.0 req/s
2026-06-01 18:20:09,114  W01  WARNING   pid=213872745 CAPTCHA detected attempt=1 backing off 12.4s
2026-06-01 18:20:19,736  W01  WARNING   Rate limited — throttling to 2.0 req/s
2026-06-01 18:20:19,737  W01  WARNING   pid=204683952 CAPTCHA detected attempt=1 backing off 10.5s
2026-06-01 18:20:20,327  W01  WARNING   Rate limited — throttling to 2.0 req/s
2026-06-01 18:20:20,327  W01  WARNING   pid=143915695 CAPTCHA detected attempt=1 backing off 13.5s
2026-06-01 18:20:20,655  W01  WARNING   Rate limited — throttling to 2.0 req/s
2026-06-01 18:20:20,656  W01  WARNING   pid=82167272 CAPTCHA detected attempt=1 backing off 11.3s
2026-06-01 18:20:21,582  W01  WARNING   Rate limited — throttling to 2.0 req/s
2026-06-01 18:20:21,582  W01  WARNING   pid=21431502 CAPTCHA detected attempt=1 backing off 12.3s
2026-06-01 18:20:21,667  W01  WARNING   Rate limited — throttling to 2.0 req/s
2026-06-01 18:20:21,668  W01  WARNING   pid=194414985 CAPTCHA detected attempt=1 backing off 11.0s
2026-06-01 18:20:21,925  W01  WARNING   Rate limited — throttling to 2.0 req/s
2026-06-01 18:20:21,925  W01  WARNING   pid=153411690 CAPTCHA detected attempt=1 backing off 13.0s
2026-06-01 18:20:21,958  W01  WARNING   Rate limited — throttling to 2.0 req/s
2026-06-01 18:20:21,958  W01  WARNING   pid=197672911 CAPTCHA detected attempt=1 backing off 13.8s
2026-06-01 18:20:22,874  W01  WARNING   Rate limited — throttling to 2.0 req/s
2026-06-01 18:20:22,874  W01  WARNING   pid=121233130 CAPTCHA detected attempt=1 backing off 11.9s
2026-06-01 18:20:23,218  W01  WARNING   Rate limited — throttling to 2.0 req/s
2026-06-01 18:20:23,219  W01  WARNING   pid=205622142 CAPTCHA detected attempt=1 backing off 10.5s
2026-06-01 18:20:23,489  W01  WARNING   Rate limited — throttling to 2.0 req/s
2026-06-01 18:20:23,489  W01  WARNING   pid=52574872 CAPTCHA detected attempt=1 backing off 12.7s
2026-06-01 18:20:30,267  W01  WARNING   Rate limited — throttling to 2.0 req/s
2026-06-01 18:20:30,267  W01  WARNING   pid=101644835 CAPTCHA detected attempt=1 backing off 11.4s
2026-06-01 18:20:31,950  W01  WARNING   Rate limited — throttling to 2.0 req/s
2026-06-01 18:20:31,950  W01  WARNING   pid=68080602 CAPTCHA detected attempt=1 backing off 11.8s
2026-06-01 18:20:32,641  W01  WARNING   Rate limited — throttling to 2.0 req/s
2026-06-01 18:20:32,641  W01  WARNING   pid=247324239 CAPTCHA detected attempt=1 backing off 14.4s
2026-06-01 18:20:33,693  W01  WARNING   Rate limited — throttling to 2.0 req/s
2026-06-01 18:20:33,694  W01  WARNING   pid=143915834 CAPTCHA detected attempt=1 backing off 10.6s
2026-06-01 18:20:33,883  W01  WARNING   Rate limited — throttling to 2.0 req/s
2026-06-01 18:20:33,883  W01  WARNING   pid=880832 CAPTCHA detected attempt=1 backing off 10.1s
2026-06-01 18:20:33,897  W01  WARNING   Rate limited — throttling to 2.0 req/s
2026-06-01 18:20:33,897  W01  WARNING   pid=246889015 CAPTCHA detected attempt=1 backing off 13.9s
2026-06-01 18:20:34,781  W01  WARNING   Rate limited — throttling to 2.0 req/s
2026-06-01 18:20:34,781  W01  WARNING   pid=202803624 CAPTCHA detected attempt=1 backing off 12.5s
2026-06-01 18:20:34,897  W01  WARNING   Rate limited — throttling to 2.0 req/s
2026-06-01 18:20:34,897  W01  WARNING   pid=110211535 CAPTCHA detected attempt=1 backing off 15.0s
2026-06-01 18:20:35,755  W01  WARNING   Rate limited — throttling to 2.0 req/s
2026-06-01 18:20:35,755  W01  WARNING   pid=22051997 CAPTCHA detected attempt=1 backing off 11.9s
2026-06-01 18:20:36,225  W01  WARNING   Rate limited — throttling to 2.0 req/s
2026-06-01 18:20:36,226  W01  WARNING   pid=214114108 CAPTCHA detected attempt=1 backing off 13.9s
2026-06-01 18:20:41,732  W01  WARNING   Rate limited — throttling to 2.0 req/s
2026-06-01 18:20:41,732  W01  WARNING   pid=107448930 CAPTCHA detected attempt=1 backing off 11.2s
2026-06-01 18:20:43,722  W01  WARNING   Rate limited — throttling to 2.0 req/s
2026-06-01 18:20:43,722  W01  WARNING   pid=10317732 CAPTCHA detected attempt=1 backing off 12.9s
2026-06-01 18:20:44,020  W01  WARNING   Rate limited — throttling to 2.0 req/s
2026-06-01 18:20:44,020  W01  WARNING   pid=244173783 CAPTCHA detected attempt=1 backing off 12.0s
2026-06-01 18:20:44,275  W01  WARNING   Rate limited — throttling to 2.0 req/s
2026-06-01 18:20:44,276  W01  WARNING   pid=198926783 CAPTCHA detected attempt=1 backing off 13.1s
2026-06-01 18:20:47,057  W01  WARNING   Rate limited — throttling to 2.0 req/s
2026-06-01 18:20:47,057  W01  WARNING   pid=246857078 CAPTCHA detected attempt=1 backing off 11.9s
2026-06-01 18:20:47,314  W01  WARNING   Rate limited — throttling to 2.0 req/s
2026-06-01 18:20:47,314  W01  WARNING   pid=242023975 CAPTCHA detected attempt=1 backing off 12.2s
2026-06-01 18:20:47,700  W01  WARNING   Rate limited — throttling to 2.0 req/s
2026-06-01 18:20:47,701  W01  WARNING   pid=205506128 CAPTCHA detected attempt=1 backing off 14.2s
2026-06-01 18:20:47,788  W01  WARNING   Rate limited — throttling to 2.0 req/s
2026-06-01 18:20:47,788  W01  WARNING   pid=214094673 CAPTCHA detected attempt=1 backing off 11.6s
2026-06-01 18:20:49,914  W01  WARNING   Rate limited — throttling to 2.0 req/s
2026-06-01 18:20:49,915  W01  WARNING   pid=195510525 CAPTCHA detected attempt=1 backing off 11.6s
2026-06-01 18:20:50,191  W01  WARNING   Rate limited — throttling to 2.0 req/s
2026-06-01 18:20:50,192  W01  WARNING   pid=207208154 CAPTCHA detected attempt=1 backing off 12.9s
2026-06-01 18:20:52,958  W01  WARNING   Rate limited — throttling to 2.0 req/s
2026-06-01 18:20:52,959  W01  WARNING   pid=105617199 CAPTCHA detected attempt=1 backing off 10.7s
2026-06-01 18:20:56,075  W01  WARNING   Rate limited — throttling to 2.0 req/s
2026-06-01 18:20:56,075  W01  WARNING   pid=204882650 CAPTCHA detected attempt=1 backing off 12.4s
2026-06-01 18:20:56,607  W01  WARNING   Rate limited — throttling to 2.0 req/s
2026-06-01 18:20:56,607  W01  WARNING   pid=59466911 CAPTCHA detected attempt=1 backing off 12.6s
2026-06-01 18:20:57,391  W01  WARNING   Rate limited — throttling to 2.0 req/s
2026-06-01 18:20:57,391  W01  WARNING   pid=209375333 CAPTCHA detected attempt=1 backing off 12.7s
2026-06-01 18:20:58,988  W01  WARNING   Rate limited — throttling to 2.0 req/s
2026-06-01 18:20:58,988  W01  WARNING   pid=52574579 CAPTCHA detected attempt=1 backing off 10.8s
2026-06-01 18:20:59,367  W01  WARNING   Rate limited — throttling to 2.0 req/s
2026-06-01 18:20:59,367  W01  WARNING   pid=20884253 CAPTCHA detected attempt=1 backing off 14.1s
2026-06-01 18:20:59,539  W01  WARNING   Rate limited — throttling to 2.0 req/s
2026-06-01 18:20:59,540  W01  WARNING   pid=145083731 CAPTCHA detected attempt=1 backing off 14.1s
2026-06-01 18:21:01,538  W01  WARNING   Rate limited — throttling to 2.0 req/s
2026-06-01 18:21:01,539  W01  WARNING   pid=16139516 CAPTCHA detected attempt=1 backing off 10.9s
2026-06-01 18:21:01,923  W01  WARNING   Rate limited — throttling to 2.0 req/s
2026-06-01 18:21:01,923  W01  WARNING   pid=186674088 CAPTCHA detected attempt=1 backing off 11.2s
2026-06-01 18:21:03,107  W01  WARNING   Rate limited — throttling to 2.0 req/s
2026-06-01 18:21:03,107  W01  WARNING   pid=44018509 CAPTCHA detected attempt=1 backing off 13.3s
2026-06-01 18:21:03,687  W01  WARNING   Rate limited — throttling to 2.0 req/s
2026-06-01 18:21:03,687  W01  WARNING   pid=60228606 CAPTCHA detected attempt=1 backing off 14.0s
2026-06-01 18:21:08,448  W01  WARNING   Rate limited — throttling to 2.0 req/s
2026-06-01 18:21:08,448  W01  WARNING   pid=77626032 CAPTCHA detected attempt=1 backing off 13.2s
2026-06-01 18:21:09,174  W01  WARNING   Rate limited — throttling to 2.0 req/s
2026-06-01 18:21:09,175  W01  WARNING   pid=137126059 CAPTCHA detected attempt=1 backing off 10.7s
2026-06-01 18:21:09,807  W01  WARNING   Rate limited — throttling to 2.0 req/s
2026-06-01 18:21:09,807  W01  WARNING   pid=210433569 CAPTCHA detected attempt=1 backing off 10.7s
2026-06-01 18:21:10,065  W01  WARNING   Rate limited — throttling to 2.0 req/s
2026-06-01 18:21:10,065  W01  WARNING   pid=76454477 CAPTCHA detected attempt=1 backing off 11.9s
2026-06-01 18:21:12,448  W01  WARNING   Rate limited — throttling to 2.0 req/s
2026-06-01 18:21:12,448  W01  WARNING   pid=54449476 CAPTCHA detected attempt=1 backing off 10.0s
2026-06-01 18:21:13,114  W01  WARNING   Rate limited — throttling to 2.0 req/s
2026-06-01 18:21:13,114  W01  WARNING   pid=252050639 CAPTCHA detected attempt=1 backing off 14.5s
2026-06-01 18:21:13,452  W01  WARNING   Rate limited — throttling to 2.0 req/s
2026-06-01 18:21:13,453  W01  WARNING   pid=190232476 CAPTCHA detected attempt=1 backing off 11.4s
2026-06-01 18:21:13,610  W01  WARNING   Rate limited — throttling to 2.0 req/s
2026-06-01 18:21:13,610  W01  WARNING   pid=20713641 CAPTCHA detected attempt=1 backing off 12.7s
2026-06-01 18:21:16,420  W01  WARNING   Rate limited — throttling to 2.0 req/s
2026-06-01 18:21:16,420  W01  WARNING   pid=45021476 CAPTCHA detected attempt=1 backing off 10.7s
2026-06-01 18:21:17,715  W01  WARNING   Rate limited — throttling to 2.0 req/s
2026-06-01 18:21:17,715  W01  WARNING   pid=203994313 CAPTCHA detected attempt=1 backing off 15.0s
2026-06-01 18:21:19,875  W01  WARNING   Rate limited — throttling to 2.0 req/s
2026-06-01 18:21:19,875  W01  WARNING   pid=196344633 CAPTCHA detected attempt=1 backing off 11.7s
2026-06-01 18:21:20,481  W01  WARNING   Rate limited — throttling to 2.0 req/s
2026-06-01 18:21:20,481  W01  WARNING   pid=213676600 CAPTCHA detected attempt=1 backing off 12.9s
2026-06-01 18:21:21,689  W01  WARNING   Rate limited — throttling to 2.0 req/s
2026-06-01 18:21:21,689  W01  WARNING   pid=185591014 CAPTCHA detected attempt=1 backing off 10.3s
2026-06-01 18:21:21,995  W01  WARNING   Rate limited — throttling to 2.0 req/s
2026-06-01 18:21:21,995  W01  WARNING   pid=176079280 CAPTCHA detected attempt=1 backing off 13.3s
2026-06-01 18:21:22,494  W01  WARNING   Rate limited — throttling to 2.0 req/s
2026-06-01 18:21:22,494  W01  WARNING   pid=69095285 CAPTCHA detected attempt=1 backing off 14.2s
2026-06-01 18:21:24,865  W01  WARNING   Rate limited — throttling to 2.0 req/s
2026-06-01 18:21:24,866  W01  WARNING   pid=17334155 CAPTCHA detected attempt=1 backing off 15.0s
2026-06-01 18:21:26,298  W01  WARNING   Rate limited — throttling to 2.0 req/s
2026-06-01 18:21:26,298  W01  WARNING   pid=16868280 CAPTCHA detected attempt=1 backing off 11.0s
2026-06-01 18:21:27,176  W01  WARNING   Rate limited — throttling to 2.0 req/s
2026-06-01 18:21:27,176  W01  WARNING   pid=143164547 CAPTCHA detected attempt=1 backing off 12.8s
2026-06-01 18:21:27,586  W01  WARNING   Rate limited — throttling to 2.0 req/s
2026-06-01 18:21:27,586  W01  WARNING   pid=144450312 CAPTCHA detected attempt=1 backing off 12.6s
2026-06-01 18:21:31,647  W01  WARNING   Rate limited — throttling to 2.0 req/s
2026-06-01 18:21:31,647  W01  WARNING   pid=14256320 CAPTCHA detected attempt=1 backing off 10.4s
2026-06-01 18:21:31,961  W01  WARNING   Rate limited — throttling to 2.0 req/s
2026-06-01 18:21:31,961  W01  WARNING   pid=99717410 CAPTCHA detected attempt=1 backing off 13.5s
2026-06-01 18:21:32,729  W01  WARNING   Rate limited — throttling to 2.0 req/s
2026-06-01 18:21:32,730  W01  WARNING   pid=165041615 CAPTCHA detected attempt=1 backing off 11.2s
2026-06-01 18:21:33,374  W01  WARNING   Rate limited — throttling to 2.0 req/s
2026-06-01 18:21:33,374  W01  WARNING   pid=68049611 CAPTCHA detected attempt=1 backing off 13.3s
2026-06-01 18:21:35,285  W01  WARNING   Rate limited — throttling to 2.0 req/s
2026-06-01 18:21:35,286  W01  WARNING   pid=199871036 CAPTCHA detected attempt=1 backing off 14.3s
2026-06-01 18:21:36,667  W01  WARNING   Rate limited — throttling to 2.0 req/s
2026-06-01 18:21:36,668  W01  WARNING   pid=83689419 CAPTCHA detected attempt=1 backing off 10.1s
2026-06-01 18:21:37,345  W01  WARNING   Rate limited — throttling to 2.0 req/s
2026-06-01 18:21:37,346  W01  WARNING   pid=14336822 CAPTCHA detected attempt=1 backing off 14.1s
2026-06-01 18:21:39,834  W01  WARNING   Rate limited — throttling to 2.0 req/s
2026-06-01 18:21:39,834  W01  WARNING   pid=14232609 CAPTCHA detected attempt=1 backing off 14.8s
2026-06-01 18:21:40,042  W01  WARNING   Rate limited — throttling to 2.0 req/s
2026-06-01 18:21:40,042  W01  WARNING   pid=27733733 CAPTCHA detected attempt=1 backing off 14.9s
2026-06-01 18:21:40,240  W01  WARNING   Rate limited — throttling to 2.0 req/s
2026-06-01 18:21:40,240  W01  WARNING   pid=24156636 CAPTCHA detected attempt=1 backing off 10.5s
2026-06-01 18:21:42,063  W01  WARNING   Rate limited — throttling to 2.0 req/s
2026-06-01 18:21:42,064  W01  WARNING   pid=144885111 CAPTCHA detected attempt=1 backing off 10.4s
2026-06-01 18:21:43,900  W01  WARNING   Rate limited — throttling to 2.0 req/s
2026-06-01 18:21:43,901  W01  WARNING   pid=203994308 CAPTCHA detected attempt=1 backing off 10.9s
2026-06-01 18:22:11,123  W01  WARNING   Rate limited — throttling to 2.5 req/s
2026-06-01 18:22:11,124  W01  WARNING   pid=205614461 CAPTCHA detected attempt=1 backing off 11.6s
2026-06-01 18:22:11,124  W01  WARNING   Rate limited — throttling to 2.0 req/s
2026-06-01 18:22:11,124  W01  WARNING   pid=68611707 CAPTCHA detected attempt=1 backing off 13.3s
2026-06-01 18:22:11,124  W01  WARNING   Rate limited — throttling to 2.0 req/s
2026-06-01 18:22:11,124  W01  WARNING   pid=261803757 CAPTCHA detected attempt=1 backing off 14.0s
2026-06-01 18:22:11,161  W01  WARNING   Rate limited — throttling to 2.0 req/s
2026-06-01 18:22:11,161  W01  WARNING   pid=90835738 CAPTCHA detected attempt=1 backing off 12.5s
2026-06-01 18:22:11,161  W01  WARNING   Rate limited — throttling to 2.0 req/s
2026-06-01 18:22:11,161  W01  WARNING   pid=68611709 CAPTCHA detected attempt=1 backing off 15.0s
2026-06-01 18:22:22,765  W01  WARNING   Rate limited — throttling to 2.0 req/s
2026-06-01 18:22:22,766  W01  WARNING   pid=107325860 CAPTCHA detected attempt=1 backing off 12.3s
2026-06-01 18:22:23,697  W01  WARNING   Rate limited — throttling to 2.0 req/s
2026-06-01 18:22:23,698  W01  WARNING   pid=14316728 CAPTCHA detected attempt=1 backing off 12.4s
2026-06-01 18:22:24,482  W01  WARNING   Rate limited — throttling to 2.0 req/s
2026-06-01 18:22:24,482  W01  WARNING   pid=121235498 CAPTCHA detected attempt=1 backing off 12.1s
2026-06-01 18:22:25,186  W01  WARNING   Rate limited — throttling to 2.0 req/s
2026-06-01 18:22:25,186  W01  WARNING   pid=242023970 CAPTCHA detected attempt=1 backing off 10.8s
2026-06-01 18:22:26,169  W01  WARNING   Rate limited — throttling to 2.0 req/s
2026-06-01 18:22:26,170  W01  WARNING   pid=121233042 CAPTCHA detected attempt=1 backing off 14.4s
2026-06-01 18:22:35,031  W01  WARNING   Rate limited — throttling to 2.0 req/s
2026-06-01 18:22:35,032  W01  WARNING   pid=121233011 CAPTCHA detected attempt=1 backing off 14.7s
2026-06-01 18:22:35,962  W01  WARNING   Rate limited — throttling to 2.0 req/s
2026-06-01 18:22:35,962  W01  WARNING   pid=202855200 CAPTCHA detected attempt=1 backing off 14.1s
2026-06-01 18:22:36,090  W01  WARNING   Rate limited — throttling to 2.0 req/s
2026-06-01 18:22:36,090  W01  WARNING   pid=56092024 CAPTCHA detected attempt=1 backing off 13.1s
2026-06-01 18:22:36,615  W01  WARNING   Rate limited — throttling to 2.0 req/s
2026-06-01 18:22:36,616  W01  WARNING   pid=121229379 CAPTCHA detected attempt=1 backing off 13.7s
2026-06-01 18:22:40,601  W01  WARNING   Rate limited — throttling to 2.0 req/s
2026-06-01 18:22:40,602  W01  WARNING   pid=121229108 CAPTCHA detected attempt=1 backing off 13.0s
2026-06-01 18:22:49,192  W01  WARNING   Rate limited — throttling to 2.0 req/s
2026-06-01 18:22:49,192  W01  WARNING   pid=99071840 CAPTCHA detected attempt=1 backing off 12.6s
2026-06-01 18:22:49,791  W01  WARNING   Rate limited — throttling to 2.0 req/s
2026-06-01 18:22:49,792  W01  WARNING   pid=121235613 CAPTCHA detected attempt=1 backing off 11.0s
2026-06-01 18:22:50,098  W01  WARNING   Rate limited — throttling to 2.0 req/s
2026-06-01 18:22:50,098  W01  WARNING   pid=88914953 CAPTCHA detected attempt=1 backing off 13.0s
2026-06-01 18:22:50,344  W01  WARNING   Rate limited — throttling to 2.0 req/s
2026-06-01 18:22:50,344  W01  WARNING   pid=107428119 CAPTCHA detected attempt=1 backing off 11.3s
2026-06-01 18:22:53,587  W01  WARNING   Rate limited — throttling to 2.0 req/s
2026-06-01 18:22:53,587  W01  WARNING   pid=107445277 CAPTCHA detected attempt=1 backing off 14.6s
2026-06-01 18:23:00,816  W01  WARNING   Rate limited — throttling to 2.0 req/s
2026-06-01 18:23:00,817  W01  WARNING   pid=50422426 CAPTCHA detected attempt=1 backing off 11.5s
2026-06-01 18:23:01,615  W01  WARNING   Rate limited — throttling to 2.0 req/s
2026-06-01 18:23:01,616  W01  WARNING   pid=246857229 CAPTCHA detected attempt=1 backing off 12.3s
2026-06-01 18:23:01,846  W01  WARNING   Rate limited — throttling to 2.0 req/s
2026-06-01 18:23:01,846  W01  WARNING   pid=22480901 CAPTCHA detected attempt=1 backing off 12.0s
2026-06-01 18:23:03,095  W01  WARNING   Rate limited — throttling to 2.0 req/s
2026-06-01 18:23:03,095  W01  WARNING   pid=213868447 CAPTCHA detected attempt=1 backing off 12.4s
2026-06-01 18:23:08,219  W01  WARNING   Rate limited — throttling to 2.0 req/s
2026-06-01 18:23:08,220  W01  WARNING   pid=74511019 CAPTCHA detected attempt=1 backing off 11.0s
2026-06-01 18:23:12,343  W01  WARNING   Rate limited — throttling to 2.0 req/s
2026-06-01 18:23:12,344  W01  WARNING   pid=110169344 CAPTCHA detected attempt=1 backing off 11.8s
2026-06-01 18:23:13,857  W01  WARNING   Rate limited — throttling to 2.0 req/s
2026-06-01 18:23:13,857  W01  WARNING   pid=206663610 CAPTCHA detected attempt=1 backing off 11.2s
2026-06-01 18:23:13,921  W01  WARNING   Rate limited — throttling to 2.0 req/s
2026-06-01 18:23:13,922  W01  WARNING   pid=196055348 CAPTCHA detected attempt=1 backing off 12.0s
2026-06-01 18:23:15,507  W01  WARNING   Rate limited — throttling to 2.0 req/s
2026-06-01 18:23:15,507  W01  WARNING   pid=195987461 CAPTCHA detected attempt=1 backing off 12.5s
2026-06-01 18:23:19,243  W01  WARNING   Rate limited — throttling to 2.0 req/s
2026-06-01 18:23:19,243  W01  WARNING   pid=53716247 CAPTCHA detected attempt=1 backing off 10.3s
2026-06-01 18:23:24,133  W01  WARNING   Rate limited — throttling to 2.0 req/s
2026-06-01 18:23:24,133  W01  WARNING   pid=207794286 CAPTCHA detected attempt=1 backing off 11.7s
2026-06-01 18:23:25,112  W01  WARNING   Rate limited — throttling to 2.0 req/s
2026-06-01 18:23:25,112  W01  WARNING   pid=56095697 CAPTCHA detected attempt=1 backing off 13.8s
2026-06-01 18:23:25,921  W01  WARNING   Rate limited — throttling to 2.0 req/s
2026-06-01 18:23:25,922  W01  WARNING   pid=197672260 CAPTCHA detected attempt=1 backing off 13.4s
2026-06-01 18:23:28,040  W01  WARNING   Rate limited — throttling to 2.0 req/s
2026-06-01 18:23:28,041  W01  WARNING   pid=215700676 CAPTCHA detected attempt=1 backing off 14.1s
2026-06-01 18:23:29,541  W01  WARNING   Rate limited — throttling to 2.0 req/s
2026-06-01 18:23:29,542  W01  WARNING   pid=205506093 CAPTCHA detected attempt=1 backing off 14.4s
2026-06-01 18:23:35,893  W01  WARNING   Rate limited — throttling to 2.0 req/s
2026-06-01 18:23:35,893  W01  WARNING   pid=57086524 CAPTCHA detected attempt=1 backing off 14.0s
2026-06-01 18:23:38,966  W01  WARNING   Rate limited — throttling to 2.0 req/s
2026-06-01 18:23:38,967  W01  WARNING   pid=209351920 CAPTCHA detected attempt=1 backing off 10.9s
2026-06-01 18:23:39,365  W01  WARNING   Rate limited — throttling to 2.0 req/s
2026-06-01 18:23:39,365  W01  WARNING   pid=59464816 CAPTCHA detected attempt=1 backing off 10.2s
2026-06-01 18:23:42,205  W01  WARNING   Rate limited — throttling to 2.0 req/s
2026-06-01 18:23:42,206  W01  WARNING   pid=209876104 CAPTCHA detected attempt=1 backing off 10.0s
2026-06-01 18:23:43,997  W01  WARNING   Rate limited — throttling to 2.0 req/s
2026-06-01 18:23:43,997  W01  WARNING   pid=106955959 CAPTCHA detected attempt=1 backing off 10.6s
2026-06-01 18:23:49,544  W01  WARNING   Rate limited — throttling to 2.0 req/s
2026-06-01 18:23:49,544  W01  WARNING   pid=16347929 CAPTCHA detected attempt=1 backing off 11.6s
2026-06-01 18:23:49,853  W01  WARNING   Rate limited — throttling to 2.0 req/s
2026-06-01 18:23:49,854  W01  WARNING   pid=47888658 CAPTCHA detected attempt=1 backing off 12.3s
2026-06-01 18:23:49,882  W01  WARNING   Rate limited — throttling to 2.0 req/s
2026-06-01 18:23:49,883  W01  WARNING   pid=57086313 CAPTCHA detected attempt=1 backing off 13.1s
2026-06-01 18:23:52,253  W01  WARNING   Rate limited — throttling to 2.0 req/s
2026-06-01 18:23:52,253  W01  WARNING   pid=217148956 CAPTCHA detected attempt=1 backing off 13.6s
2026-06-01 18:23:54,634  W01  WARNING   Rate limited — throttling to 2.0 req/s
2026-06-01 18:23:54,634  W01  WARNING   pid=88740362 CAPTCHA detected attempt=1 backing off 12.6s
2026-06-01 18:24:01,172  W01  WARNING   Rate limited — throttling to 2.0 req/s
2026-06-01 18:24:01,172  W01  WARNING   pid=99071679 CAPTCHA detected attempt=1 backing off 11.9s
2026-06-01 18:24:02,160  W01  WARNING   Rate limited — throttling to 2.0 req/s
2026-06-01 18:24:02,160  W01  WARNING   pid=121154150 CAPTCHA detected attempt=1 backing off 12.7s
2026-06-01 18:24:03,023  W01  WARNING   Rate limited — throttling to 2.0 req/s
2026-06-01 18:24:03,024  W01  WARNING   pid=121232613 CAPTCHA detected attempt=1 backing off 11.9s
2026-06-01 18:24:05,847  W01  WARNING   Rate limited — throttling to 2.0 req/s
2026-06-01 18:24:05,848  W01  WARNING   pid=121229159 CAPTCHA detected attempt=1 backing off 10.5s
2026-06-01 18:24:07,291  W01  WARNING   Rate limited — throttling to 2.0 req/s
2026-06-01 18:24:07,291  W01  WARNING   pid=246857282 CAPTCHA detected attempt=1 backing off 11.1s
2026-06-01 18:24:13,085  W01  WARNING   Rate limited — throttling to 2.0 req/s
2026-06-01 18:24:13,086  W01  WARNING   pid=22471463 CAPTCHA detected attempt=1 backing off 13.9s
2026-06-01 18:24:14,885  W01  WARNING   Rate limited — throttling to 2.0 req/s
2026-06-01 18:24:14,886  W01  WARNING   pid=213680382 CAPTCHA detected attempt=1 backing off 11.6s
2026-06-01 18:24:15,061  W01  WARNING   Rate limited — throttling to 2.0 req/s
2026-06-01 18:24:15,062  W01  WARNING   pid=53716940 CAPTCHA detected attempt=1 backing off 10.6s
2026-06-01 18:24:16,398  W01  WARNING   Rate limited — throttling to 2.0 req/s
2026-06-01 18:24:16,398  W01  WARNING   pid=53716834 CAPTCHA detected attempt=1 backing off 10.7s
2026-06-01 18:24:18,457  W01  WARNING   Rate limited — throttling to 2.0 req/s
2026-06-01 18:24:18,457  W01  WARNING   pid=202484705 CAPTCHA detected attempt=1 backing off 11.7s
2026-06-01 18:24:25,660  W01  WARNING   Rate limited — throttling to 2.0 req/s
2026-06-01 18:24:25,661  W01  WARNING   pid=207490192 CAPTCHA detected attempt=1 backing off 14.8s
2026-06-01 18:24:26,511  W01  WARNING   Rate limited — throttling to 2.0 req/s
2026-06-01 18:24:26,511  W01  WARNING   pid=56108208 CAPTCHA detected attempt=1 backing off 14.8s
2026-06-01 18:24:27,009  W01  WARNING   Rate limited — throttling to 2.0 req/s
2026-06-01 18:24:27,009  W01  WARNING   pid=20234516 CAPTCHA detected attempt=1 backing off 13.6s
2026-06-01 18:24:27,073  W01  WARNING   Rate limited — throttling to 2.0 req/s
2026-06-01 18:24:27,074  W01  WARNING   pid=210527711 CAPTCHA detected attempt=1 backing off 11.2s
2026-06-01 18:24:30,187  W01  WARNING   Rate limited — throttling to 2.0 req/s
2026-06-01 18:24:30,187  W01  WARNING   pid=105617906 CAPTCHA detected attempt=1 backing off 10.2s
2026-06-01 18:24:38,303  W01  WARNING   Rate limited — throttling to 2.0 req/s
2026-06-01 18:24:38,304  W01  WARNING   pid=47048589 CAPTCHA detected attempt=1 backing off 10.4s
2026-06-01 18:24:40,380  W01  WARNING   Rate limited — throttling to 2.0 req/s
2026-06-01 18:24:40,381  W01  WARNING   pid=210284104 CAPTCHA detected attempt=1 backing off 14.4s
2026-06-01 18:24:40,515  W01  WARNING   Rate limited — throttling to 2.0 req/s
2026-06-01 18:24:40,515  W01  WARNING   pid=59466762 CAPTCHA detected attempt=1 backing off 14.4s
2026-06-01 18:24:40,627  W01  WARNING   Rate limited — throttling to 2.0 req/s
2026-06-01 18:24:40,627  W01  WARNING   pid=59466268 CAPTCHA detected attempt=1 backing off 10.8s
2026-06-01 18:24:41,283  W01  WARNING   Rate limited — throttling to 2.0 req/s
2026-06-01 18:24:41,283  W01  WARNING   pid=195970184 CAPTCHA detected attempt=1 backing off 13.7s
2026-06-01 18:24:48,701  W01  WARNING   Rate limited — throttling to 2.0 req/s
2026-06-01 18:24:48,701  W01  WARNING   pid=216460075 CAPTCHA detected attempt=1 backing off 10.6s
2026-06-01 18:24:51,406  W01  WARNING   Rate limited — throttling to 2.0 req/s
2026-06-01 18:24:51,407  W01  WARNING   pid=124037811 CAPTCHA detected attempt=1 backing off 13.9s
2026-06-01 18:24:54,837  W01  WARNING   Rate limited — throttling to 2.0 req/s
2026-06-01 18:24:54,838  W01  WARNING   pid=121227976 CAPTCHA detected attempt=1 backing off 10.0s
2026-06-01 18:24:54,950  W01  WARNING   Rate limited — throttling to 2.0 req/s
2026-06-01 18:24:54,950  W01  WARNING   pid=251462474 CAPTCHA detected attempt=1 backing off 13.5s
2026-06-01 18:24:54,957  W01  WARNING   Rate limited — throttling to 2.0 req/s
2026-06-01 18:24:54,957  W01  WARNING   pid=198536600 CAPTCHA detected attempt=1 backing off 10.1s
2026-06-01 18:24:59,328  W01  WARNING   Rate limited — throttling to 2.0 req/s
2026-06-01 18:24:59,328  W01  WARNING   pid=124431731 CAPTCHA detected attempt=1 backing off 11.4s
2026-06-01 18:25:04,866  W01  WARNING   Rate limited — throttling to 2.0 req/s
2026-06-01 18:25:04,866  W01  WARNING   pid=121232791 CAPTCHA detected attempt=1 backing off 14.3s
2026-06-01 18:25:05,121  W01  WARNING   Rate limited — throttling to 2.0 req/s
2026-06-01 18:25:05,121  W01  WARNING   pid=88738356 CAPTCHA detected attempt=1 backing off 10.9s
2026-06-01 18:25:05,320  W01  WARNING   Rate limited — throttling to 2.0 req/s
2026-06-01 18:25:05,320  W01  WARNING   pid=121164120 CAPTCHA detected attempt=1 backing off 10.5s
2026-06-01 18:25:08,530  W01  WARNING   Rate limited — throttling to 2.0 req/s
2026-06-01 18:25:08,530  W01  WARNING   pid=198103603 CAPTCHA detected attempt=1 backing off 10.4s
2026-06-01 18:25:10,762  W01  WARNING   Rate limited — throttling to 2.0 req/s
2026-06-01 18:25:10,762  W01  WARNING   pid=121235145 CAPTCHA detected attempt=1 backing off 14.6s
2026-06-01 18:25:15,808  W01  WARNING   Rate limited — throttling to 2.0 req/s
2026-06-01 18:25:15,809  W01  WARNING   pid=105618664 CAPTCHA detected attempt=1 backing off 12.1s
2026-06-01 18:25:16,087  W01  WARNING   Rate limited — throttling to 2.0 req/s
2026-06-01 18:25:16,087  W01  WARNING   pid=126902578 CAPTCHA detected attempt=1 backing off 13.1s
2026-06-01 18:25:18,922  W01  WARNING   Rate limited — throttling to 2.0 req/s
2026-06-01 18:25:18,922  W01  WARNING   pid=121229210 CAPTCHA detected attempt=1 backing off 12.0s
2026-06-01 18:25:19,207  W01  WARNING   Rate limited — throttling to 2.0 req/s
2026-06-01 18:25:19,207  W01  WARNING   pid=121233079 CAPTCHA detected attempt=1 backing off 12.4s
2026-06-01 18:25:25,405  W01  WARNING   Rate limited — throttling to 2.0 req/s
2026-06-01 18:25:25,406  W01  WARNING   pid=105618952 CAPTCHA detected attempt=1 backing off 12.5s
2026-06-01 18:25:27,887  W01  WARNING   Rate limited — throttling to 2.0 req/s
2026-06-01 18:25:27,887  W01  WARNING   pid=121229095 CAPTCHA detected attempt=1 backing off 12.9s
2026-06-01 18:25:29,237  W01  WARNING   Rate limited — throttling to 2.0 req/s
2026-06-01 18:25:29,237  W01  WARNING   pid=126913637 CAPTCHA detected attempt=1 backing off 14.8s
2026-06-01 18:25:30,918  W01  WARNING   Rate limited — throttling to 2.0 req/s
2026-06-01 18:25:30,919  W01  WARNING   pid=105617645 CAPTCHA detected attempt=1 backing off 12.5s
2026-06-01 18:25:31,617  W01  WARNING   Rate limited — throttling to 2.0 req/s
2026-06-01 18:25:31,617  W01  WARNING   pid=252887332 CAPTCHA detected attempt=1 backing off 13.4s
2026-06-01 18:25:37,918  W01  WARNING   Rate limited — throttling to 2.0 req/s
2026-06-01 18:25:37,918  W01  WARNING   pid=252905525 CAPTCHA detected attempt=1 backing off 14.0s
2026-06-01 18:25:40,848  W01  WARNING   Rate limited — throttling to 2.0 req/s
2026-06-01 18:25:40,849  W01  WARNING   pid=205506296 CAPTCHA detected attempt=1 backing off 10.7s
2026-06-01 18:25:43,407  W01  WARNING   Rate limited — throttling to 2.0 req/s
2026-06-01 18:25:43,407  W01  WARNING   pid=253281538 CAPTCHA detected attempt=1 backing off 14.6s
2026-06-01 18:25:44,040  W01  WARNING   Rate limited — throttling to 2.0 req/s
2026-06-01 18:25:44,040  W01  WARNING   pid=247302223 CAPTCHA detected attempt=1 backing off 11.5s
2026-06-01 18:25:44,990  W01  WARNING   Rate limited — throttling to 2.0 req/s
2026-06-01 18:25:44,990  W01  WARNING   pid=198590393 CAPTCHA detected attempt=1 backing off 11.2s
2026-06-01 18:25:51,562  W01  WARNING   Rate limited — throttling to 2.0 req/s
2026-06-01 18:25:51,562  W01  WARNING   pid=213749169 CAPTCHA detected attempt=1 backing off 11.9s
2026-06-01 18:25:51,978  W01  WARNING   Rate limited — throttling to 2.0 req/s
2026-06-01 18:25:51,978  W01  WARNING   pid=207794266 CAPTCHA detected attempt=1 backing off 13.1s
2026-06-01 18:25:55,568  W01  WARNING   Rate limited — throttling to 2.0 req/s
2026-06-01 18:25:55,568  W01  WARNING   pid=252893428 CAPTCHA detected attempt=1 backing off 11.1s
2026-06-01 18:25:56,238  W01  WARNING   Rate limited — throttling to 2.0 req/s
2026-06-01 18:25:56,238  W01  WARNING   pid=253247530 CAPTCHA detected attempt=1 backing off 12.2s
2026-06-01 18:25:57,974  W01  WARNING   Rate limited — throttling to 2.0 req/s
2026-06-01 18:25:57,974  W01  WARNING   pid=216460094 CAPTCHA detected attempt=1 backing off 13.8s
2026-06-01 18:26:03,508  W01  WARNING   Rate limited — throttling to 2.0 req/s
2026-06-01 18:26:03,509  W01  WARNING   pid=253341922 CAPTCHA detected attempt=1 backing off 14.5s
2026-06-01 18:26:05,131  W01  WARNING   Rate limited — throttling to 2.0 req/s
2026-06-01 18:26:05,131  W01  WARNING   pid=253344305 CAPTCHA detected attempt=1 backing off 10.2s
2026-06-01 18:26:06,724  W01  WARNING   Rate limited — throttling to 2.0 req/s
2026-06-01 18:26:06,725  W01  WARNING   pid=263493839 CAPTCHA detected attempt=1 backing off 10.8s
2026-06-01 18:26:08,497  W01  WARNING   Rate limited — throttling to 2.0 req/s
2026-06-01 18:26:08,498  W01  WARNING   pid=198591065 CAPTCHA detected attempt=1 backing off 12.2s
2026-06-01 18:26:11,773  W01  WARNING   Rate limited — throttling to 2.0 req/s
2026-06-01 18:26:11,773  W01  WARNING   pid=207779595 CAPTCHA detected attempt=1 backing off 12.1s
2026-06-01 18:26:15,330  W01  WARNING   Rate limited — throttling to 2.0 req/s
2026-06-01 18:26:15,330  W01  WARNING   pid=216405067 CAPTCHA detected attempt=1 backing off 13.3s
2026-06-01 18:26:17,594  W01  WARNING   Rate limited — throttling to 2.0 req/s
2026-06-01 18:26:17,594  W01  WARNING   pid=217520202 CAPTCHA detected attempt=1 backing off 15.0s
2026-06-01 18:26:18,019  W01  WARNING   Rate limited — throttling to 2.0 req/s
2026-06-01 18:26:18,019  W01  WARNING   pid=246857134 CAPTCHA detected attempt=1 backing off 13.5s
2026-06-01 18:26:20,736  W01  WARNING   Rate limited — throttling to 2.0 req/s
2026-06-01 18:26:20,737  W01  WARNING   pid=249086464 CAPTCHA detected attempt=1 backing off 14.3s
2026-06-01 18:26:23,851  W01  WARNING   Rate limited — throttling to 2.0 req/s
2026-06-01 18:26:23,852  W01  WARNING   pid=253388850 CAPTCHA detected attempt=1 backing off 14.9s
2026-06-01 18:26:28,620  W01  WARNING   Rate limited — throttling to 2.0 req/s
2026-06-01 18:26:28,621  W01  WARNING   pid=152095845 CAPTCHA detected attempt=1 backing off 14.5s
2026-06-01 18:26:31,500  W01  WARNING   Rate limited — throttling to 2.0 req/s
2026-06-01 18:26:31,500  W01  WARNING   pid=252905614 CAPTCHA detected attempt=1 backing off 13.0s
2026-06-01 18:26:32,603  W01  WARNING   Rate limited — throttling to 2.0 req/s
2026-06-01 18:26:32,604  W01  WARNING   pid=207997220 CAPTCHA detected attempt=1 backing off 14.4s
2026-06-01 18:26:35,071  W01  WARNING   Rate limited — throttling to 2.0 req/s
2026-06-01 18:26:35,071  W01  WARNING   pid=216401159 CAPTCHA detected attempt=1 backing off 13.6s
2026-06-01 18:26:38,721  W01  WARNING   Rate limited — throttling to 2.0 req/s
2026-06-01 18:26:38,721  W01  WARNING   pid=263488516 CAPTCHA detected attempt=1 backing off 10.9s
2026-06-01 18:26:43,120  W01  WARNING   Rate limited — throttling to 2.0 req/s
2026-06-01 18:26:43,121  W01  WARNING   pid=213825669 CAPTCHA detected attempt=1 backing off 10.1s
2026-06-01 18:26:44,502  W01  WARNING   Rate limited — throttling to 2.0 req/s
2026-06-01 18:26:44,502  W01  WARNING   pid=216717448 CAPTCHA detected attempt=1 backing off 13.9s
2026-06-01 18:26:47,031  W01  WARNING   Rate limited — throttling to 2.0 req/s
2026-06-01 18:26:47,031  W01  WARNING   pid=216460299 CAPTCHA detected attempt=1 backing off 15.0s
2026-06-01 18:26:48,682  W01  WARNING   Rate limited — throttling to 2.0 req/s
2026-06-01 18:26:48,683  W01  WARNING   pid=263488435 CAPTCHA detected attempt=1 backing off 10.6s
2026-06-01 18:26:49,658  W01  WARNING   Rate limited — throttling to 2.0 req/s
2026-06-01 18:26:49,659  W01  WARNING   pid=235865829 CAPTCHA detected attempt=1 backing off 12.3s
2026-06-01 18:26:53,271  W01  WARNING   Rate limited — throttling to 2.0 req/s
2026-06-01 18:26:53,271  W01  WARNING   pid=203910789 CAPTCHA detected attempt=1 backing off 10.6s
2026-06-01 18:26:58,387  W01  WARNING   Rate limited — throttling to 2.0 req/s
2026-06-01 18:26:58,388  W01  WARNING   pid=207794275 CAPTCHA detected attempt=1 backing off 14.0s
2026-06-01 18:26:59,302  W01  WARNING   Rate limited — throttling to 2.0 req/s
2026-06-01 18:26:59,302  W01  WARNING   pid=208130139 CAPTCHA detected attempt=1 backing off 11.6s
2026-06-01 18:27:02,003  W01  WARNING   Rate limited — throttling to 2.0 req/s
2026-06-01 18:27:02,004  W01  WARNING   pid=216460851 CAPTCHA detected attempt=1 backing off 11.7s
2026-06-01 18:27:02,018  W01  WARNING   Rate limited — throttling to 2.0 req/s
2026-06-01 18:27:02,018  W01  WARNING   pid=207779597 CAPTCHA detected attempt=1 backing off 13.1s
2026-06-01 18:27:03,846  W01  WARNING   Rate limited — throttling to 2.0 req/s
2026-06-01 18:27:03,847  W01  WARNING   pid=207287614 CAPTCHA detected attempt=1 backing off 10.9s
2026-06-01 18:27:10,931  W01  WARNING   Rate limited — throttling to 2.0 req/s
2026-06-01 18:27:10,931  W01  WARNING   pid=124040518 CAPTCHA detected attempt=1 backing off 13.3s
2026-06-01 18:27:12,363  W01  WARNING   Rate limited — throttling to 2.0 req/s
2026-06-01 18:27:12,364  W01  WARNING   pid=34549954 CAPTCHA detected attempt=1 backing off 10.4s
2026-06-01 18:27:13,685  W01  WARNING   Rate limited — throttling to 2.0 req/s
2026-06-01 18:27:13,686  W01  WARNING   pid=90576192 CAPTCHA detected attempt=1 backing off 12.3s
2026-06-01 18:27:14,758  W01  WARNING   Rate limited — throttling to 2.0 req/s
2026-06-01 18:27:14,758  W01  WARNING   pid=209375986 CAPTCHA detected attempt=1 backing off 10.2s
2026-06-01 18:27:15,151  W01  WARNING   Rate limited — throttling to 2.0 req/s
2026-06-01 18:27:15,151  W01  WARNING   pid=204639572 CAPTCHA detected attempt=1 backing off 14.7s
2026-06-01 18:27:22,730  W01  WARNING   Rate limited — throttling to 2.0 req/s
2026-06-01 18:27:22,730  W01  WARNING   pid=59467686 CAPTCHA detected attempt=1 backing off 14.5s
2026-06-01 18:27:24,230  W01  WARNING   Rate limited — throttling to 2.0 req/s
2026-06-01 18:27:24,230  W01  WARNING   pid=107223840 CAPTCHA detected attempt=1 backing off 11.1s
2026-06-01 18:27:24,960  W01  WARNING   Rate limited — throttling to 2.0 req/s
2026-06-01 18:27:24,960  W01  WARNING   pid=21032092 CAPTCHA detected attempt=1 backing off 12.7s
2026-06-01 18:27:26,050  W01  WARNING   Rate limited — throttling to 2.0 req/s
2026-06-01 18:27:26,051  W01  WARNING   pid=98804668 CAPTCHA detected attempt=1 backing off 12.7s
2026-06-01 18:27:29,895  W01  WARNING   Rate limited — throttling to 2.0 req/s
2026-06-01 18:27:29,895  W01  WARNING   pid=105615740 CAPTCHA detected attempt=1 backing off 10.1s
2026-06-01 18:27:35,332  W01  WARNING   Rate limited — throttling to 2.0 req/s
2026-06-01 18:27:35,332  W01  WARNING   pid=123950059 CAPTCHA detected attempt=1 backing off 10.1s
2026-06-01 18:27:37,289  W01  WARNING   Rate limited — throttling to 2.0 req/s
2026-06-01 18:27:37,289  W01  WARNING   pid=22475839 CAPTCHA detected attempt=1 backing off 10.8s
2026-06-01 18:27:37,679  W01  WARNING   Rate limited — throttling to 2.0 req/s
2026-06-01 18:27:37,679  W01  WARNING   pid=47993450 CAPTCHA detected attempt=1 backing off 10.0s
2026-06-01 18:27:38,734  W01  WARNING   Rate limited — throttling to 2.0 req/s
2026-06-01 18:27:38,735  W01  WARNING   pid=50356763 CAPTCHA detected attempt=1 backing off 11.6s
2026-06-01 18:27:39,968  W01  WARNING   Rate limited — throttling to 2.0 req/s
2026-06-01 18:27:39,968  W01  WARNING   pid=99071640 CAPTCHA detected attempt=1 backing off 12.8s
2026-06-01 18:27:45,428  W01  WARNING   Rate limited — throttling to 2.0 req/s
2026-06-01 18:27:45,428  W01  WARNING   pid=188549430 CAPTCHA detected attempt=1 backing off 13.5s
2026-06-01 18:27:48,180  W01  WARNING   Rate limited — throttling to 2.0 req/s
2026-06-01 18:27:48,181  W01  WARNING   pid=204683952 CAPTCHA detected attempt=1 backing off 14.6s
2026-06-01 18:30:06,857  W01  INFO      [worker 01] batch 0002  (1000 products) → output/products_batch_w01_0002.json
2026-06-01 18:32:13,593  W01  INFO      2493/49871 (5.0%)  rate=4/s  ETA=3:10:55
2026-06-01 18:32:35,371  W01  INFO      [worker 01] batch 0003  (1000 products) → output/products_batch_w01_0003.json
2026-06-01 18:34:47,370  W01  INFO      [worker 01] batch 0004  (1000 products) → output/products_batch_w01_0004.json
2026-06-01 18:36:31,868  W01  INFO      4986/49871 (10.0%)  rate=6/s  ETA=2:09:11
2026-06-01 18:36:54,153  W01  INFO      [worker 01] batch 0005  (1001 products) → output/products_batch_w01_0005.json
2026-06-01 19:02:11,205  W01  WARNING   Rate limited — throttling to 2.5 req/s
2026-06-01 19:02:11,206  W01  WARNING   pid=97553284 CAPTCHA detected attempt=1 backing off 12.0s
2026-06-01 19:02:11,209  W01  WARNING   Rate limited — throttling to 2.0 req/s
2026-06-01 19:02:11,209  W01  WARNING   pid=221253072 CAPTCHA detected attempt=1 backing off 11.2s
2026-06-01 19:02:11,282  W01  WARNING   Rate limited — throttling to 2.0 req/s
2026-06-01 19:02:11,282  W01  WARNING   pid=146492862 CAPTCHA detected attempt=1 backing off 10.4s
2026-06-01 19:02:11,288  W01  WARNING   Rate limited — throttling to 2.0 req/s
2026-06-01 19:02:11,288  W01  WARNING   pid=204077220 CAPTCHA detected attempt=1 backing off 12.4s
2026-06-01 19:02:11,382  W01  WARNING   Rate limited — throttling to 2.0 req/s
2026-06-01 19:02:11,383  W01  WARNING   pid=243251560 CAPTCHA detected attempt=1 backing off 10.3s
2026-06-01 19:02:21,672  W01  WARNING   Rate limited — throttling to 2.0 req/s
2026-06-01 19:02:21,674  W01  WARNING   pid=149339714 CAPTCHA detected attempt=1 backing off 11.6s
2026-06-01 19:02:21,720  W01  WARNING   Rate limited — throttling to 2.0 req/s
2026-06-01 19:02:21,720  W01  WARNING   pid=251517964 CAPTCHA detected attempt=1 backing off 11.1s
2026-06-01 19:02:22,406  W01  WARNING   Rate limited — throttling to 2.0 req/s
2026-06-01 19:02:22,407  W01  WARNING   pid=262279800 CAPTCHA detected attempt=1 backing off 13.5s
2026-06-01 19:02:23,192  W01  WARNING   Rate limited — throttling to 2.0 req/s
2026-06-01 19:02:23,192  W01  WARNING   pid=124275808 CAPTCHA detected attempt=1 backing off 15.0s
2026-06-01 19:02:23,733  W01  WARNING   Rate limited — throttling to 2.0 req/s
2026-06-01 19:02:23,733  W01  WARNING   pid=94656401 CAPTCHA detected attempt=1 backing off 14.1s
2026-06-01 19:02:32,873  W01  WARNING   Rate limited — throttling to 2.0 req/s
2026-06-01 19:02:32,874  W01  WARNING   pid=136461596 CAPTCHA detected attempt=1 backing off 12.1s
2026-06-01 19:02:33,317  W01  WARNING   Rate limited — throttling to 2.0 req/s
2026-06-01 19:02:33,317  W01  WARNING   pid=148693516 CAPTCHA detected attempt=1 backing off 14.3s
2026-06-01 19:02:35,926  W01  WARNING   Rate limited — throttling to 2.0 req/s
2026-06-01 19:02:35,927  W01  WARNING   pid=230126398 CAPTCHA detected attempt=1 backing off 11.2s
2026-06-01 19:02:37,835  W01  WARNING   Rate limited — throttling to 2.0 req/s
2026-06-01 19:02:37,836  W01  WARNING   pid=208662505 CAPTCHA detected attempt=1 backing off 14.6s
2026-06-01 19:02:38,160  W01  WARNING   Rate limited — throttling to 2.0 req/s
2026-06-01 19:02:38,160  W01  WARNING   pid=208269842 CAPTCHA detected attempt=1 backing off 15.0s
2026-06-01 19:02:45,017  W01  WARNING   Rate limited — throttling to 2.0 req/s
2026-06-01 19:02:45,018  W01  WARNING   pid=202483892 CAPTCHA detected attempt=1 backing off 10.7s
2026-06-01 19:02:47,159  W01  WARNING   Rate limited — throttling to 2.0 req/s
2026-06-01 19:02:47,159  W01  WARNING   pid=206320068 CAPTCHA detected attempt=1 backing off 11.0s
2026-06-01 19:02:47,646  W01  WARNING   Rate limited — throttling to 2.0 req/s
2026-06-01 19:02:47,646  W01  WARNING   pid=157549382 CAPTCHA detected attempt=1 backing off 12.4s
2026-06-01 19:02:52,419  W01  WARNING   Rate limited — throttling to 2.0 req/s
2026-06-01 19:02:52,420  W01  WARNING   pid=178296854 CAPTCHA detected attempt=1 backing off 14.0s
2026-06-01 19:02:53,167  W01  WARNING   Rate limited — throttling to 2.0 req/s
2026-06-01 19:02:53,167  W01  WARNING   pid=123435200 CAPTCHA detected attempt=1 backing off 12.9s
2026-06-01 19:02:55,708  W01  WARNING   Rate limited — throttling to 2.0 req/s
2026-06-01 19:02:55,708  W01  WARNING   pid=108779317 CAPTCHA detected attempt=1 backing off 14.4s
2026-06-01 19:02:58,185  W01  WARNING   Rate limited — throttling to 2.0 req/s
2026-06-01 19:02:58,186  W01  WARNING   pid=165224575 CAPTCHA detected attempt=1 backing off 12.9s
2026-06-01 19:03:00,041  W01  WARNING   Rate limited — throttling to 2.0 req/s
2026-06-01 19:03:00,042  W01  WARNING   pid=169746655 CAPTCHA detected attempt=1 backing off 11.5s
2026-06-01 19:03:06,115  W01  WARNING   Rate limited — throttling to 2.0 req/s
2026-06-01 19:03:06,116  W01  WARNING   pid=107528934 CAPTCHA detected attempt=1 backing off 13.7s
2026-06-01 19:03:06,458  W01  WARNING   Rate limited — throttling to 2.0 req/s
2026-06-01 19:03:06,459  W01  WARNING   pid=110682125 CAPTCHA detected attempt=1 backing off 10.7s
2026-06-01 19:03:10,083  W01  WARNING   Rate limited — throttling to 2.0 req/s
2026-06-01 19:03:10,083  W01  WARNING   pid=167397432 CAPTCHA detected attempt=1 backing off 12.9s
2026-06-01 19:03:11,138  W01  WARNING   Rate limited — throttling to 2.0 req/s
2026-06-01 19:03:11,138  W01  WARNING   pid=214132258 CAPTCHA detected attempt=1 backing off 12.4s
2026-06-01 19:03:11,588  W01  WARNING   Rate limited — throttling to 2.0 req/s
2026-06-01 19:03:11,589  W01  WARNING   pid=109179935 CAPTCHA detected attempt=1 backing off 14.2s
2026-06-01 19:03:17,141  W01  WARNING   Rate limited — throttling to 2.0 req/s
2026-06-01 19:03:17,142  W01  WARNING   pid=136485025 CAPTCHA detected attempt=1 backing off 10.6s
2026-06-01 19:03:19,843  W01  WARNING   Rate limited — throttling to 2.0 req/s
2026-06-01 19:03:19,844  W01  WARNING   pid=109580783 CAPTCHA detected attempt=1 backing off 12.8s
2026-06-01 19:03:23,026  W01  WARNING   Rate limited — throttling to 2.0 req/s
2026-06-01 19:03:23,026  W01  WARNING   pid=205889379 CAPTCHA detected attempt=1 backing off 10.9s
2026-06-01 19:03:23,554  W01  WARNING   Rate limited — throttling to 2.0 req/s
2026-06-01 19:03:23,554  W01  WARNING   pid=205892589 CAPTCHA detected attempt=1 backing off 12.8s
2026-06-01 19:03:25,767  W01  WARNING   Rate limited — throttling to 2.0 req/s
2026-06-01 19:03:25,767  W01  WARNING   pid=109853315 CAPTCHA detected attempt=1 backing off 12.9s
2026-06-01 19:03:27,790  W01  WARNING   Rate limited — throttling to 2.0 req/s
2026-06-01 19:03:27,790  W01  WARNING   pid=103791357 CAPTCHA detected attempt=1 backing off 11.3s
2026-06-01 19:03:32,651  W01  WARNING   Rate limited — throttling to 2.0 req/s
2026-06-01 19:03:32,652  W01  WARNING   pid=129647073 CAPTCHA detected attempt=1 backing off 12.1s
2026-06-01 19:03:33,889  W01  WARNING   Rate limited — throttling to 2.0 req/s
2026-06-01 19:03:33,890  W01  WARNING   pid=140999524 CAPTCHA detected attempt=1 backing off 11.8s
2026-06-01 19:03:36,347  W01  WARNING   Rate limited — throttling to 2.0 req/s
2026-06-01 19:03:36,348  W01  WARNING   pid=183038533 CAPTCHA detected attempt=1 backing off 10.8s
2026-06-01 19:03:38,629  W01  WARNING   Rate limited — throttling to 2.0 req/s
2026-06-01 19:03:38,630  W01  WARNING   pid=134799993 CAPTCHA detected attempt=1 backing off 11.1s
2026-06-01 19:03:39,089  W01  WARNING   Rate limited — throttling to 2.0 req/s
2026-06-01 19:03:39,090  W01  WARNING   pid=167397433 CAPTCHA detected attempt=1 backing off 12.1s
2026-06-01 19:03:44,785  W01  WARNING   Rate limited — throttling to 2.0 req/s
2026-06-01 19:03:44,786  W01  WARNING   pid=214132972 CAPTCHA detected attempt=1 backing off 11.7s
2026-06-01 19:03:45,696  W01  WARNING   Rate limited — throttling to 2.0 req/s
2026-06-01 19:03:45,696  W01  WARNING   pid=124211460 CAPTCHA detected attempt=1 backing off 12.5s
2026-06-01 19:03:47,177  W01  WARNING   Rate limited — throttling to 2.0 req/s
2026-06-01 19:03:47,178  W01  WARNING   pid=104944670 CAPTCHA detected attempt=1 backing off 14.9s
2026-06-01 19:03:49,730  W01  WARNING   Rate limited — throttling to 2.0 req/s
2026-06-01 19:03:49,731  W01  WARNING   pid=196808316 CAPTCHA detected attempt=1 backing off 12.8s
2026-06-01 19:03:51,246  W01  WARNING   Rate limited — throttling to 2.0 req/s
2026-06-01 19:03:51,246  W01  WARNING   pid=110990117 CAPTCHA detected attempt=1 backing off 14.3s
2026-06-01 19:03:56,526  W01  WARNING   Rate limited — throttling to 2.0 req/s
2026-06-01 19:03:56,527  W01  WARNING   pid=84469920 CAPTCHA detected attempt=1 backing off 11.3s
2026-06-01 19:03:58,192  W01  WARNING   Rate limited — throttling to 2.0 req/s
2026-06-01 19:03:58,193  W01  WARNING   pid=108387873 CAPTCHA detected attempt=1 backing off 13.9s
2026-06-01 19:04:02,102  W01  WARNING   Rate limited — throttling to 2.0 req/s
2026-06-01 19:04:02,103  W01  WARNING   pid=173747254 CAPTCHA detected attempt=1 backing off 15.0s
2026-06-01 19:04:02,510  W01  WARNING   Rate limited — throttling to 2.0 req/s
2026-06-01 19:04:02,511  W01  WARNING   pid=183042643 CAPTCHA detected attempt=1 backing off 12.2s
2026-06-01 19:04:05,529  W01  WARNING   Rate limited — throttling to 2.0 req/s
2026-06-01 19:04:05,530  W01  WARNING   pid=167397444 CAPTCHA detected attempt=1 backing off 13.1s
2026-06-01 19:04:07,804  W01  WARNING   Rate limited — throttling to 2.0 req/s
2026-06-01 19:04:07,804  W01  WARNING   pid=171166767 CAPTCHA detected attempt=1 backing off 10.6s
2026-06-01 19:04:12,127  W01  WARNING   Rate limited — throttling to 2.0 req/s
2026-06-01 19:04:12,127  W01  WARNING   pid=126008161 CAPTCHA detected attempt=1 backing off 14.0s
2026-06-01 19:04:14,711  W01  WARNING   Rate limited — throttling to 2.0 req/s
2026-06-01 19:04:14,711  W01  WARNING   pid=109601258 CAPTCHA detected attempt=1 backing off 12.6s
2026-06-01 19:04:17,083  W01  WARNING   Rate limited — throttling to 2.0 req/s
2026-06-01 19:04:17,083  W01  WARNING   pid=108493775 CAPTCHA detected attempt=1 backing off 10.3s
2026-06-01 19:04:18,448  W01  WARNING   Rate limited — throttling to 2.0 req/s
2026-06-01 19:04:18,448  W01  WARNING   pid=73373129 CAPTCHA detected attempt=1 backing off 11.8s
2026-06-01 19:04:18,676  W01  WARNING   Rate limited — throttling to 2.0 req/s
2026-06-01 19:04:18,677  W01  WARNING   pid=110987632 CAPTCHA detected attempt=1 backing off 13.9s
2026-06-01 19:04:26,181  W01  WARNING   Rate limited — throttling to 2.0 req/s
2026-06-01 19:04:26,181  W01  WARNING   pid=155763795 CAPTCHA detected attempt=1 backing off 10.5s
2026-06-01 19:04:27,340  W01  WARNING   Rate limited — throttling to 2.0 req/s
2026-06-01 19:04:27,341  W01  WARNING   pid=129019982 CAPTCHA detected attempt=1 backing off 12.9s
2026-06-01 19:04:27,574  W01  WARNING   Rate limited — throttling to 2.0 req/s
2026-06-01 19:04:27,575  W01  WARNING   pid=183041125 CAPTCHA detected attempt=1 backing off 13.0s
2026-06-01 19:04:30,305  W01  WARNING   Rate limited — throttling to 2.0 req/s
2026-06-01 19:04:30,305  W01  WARNING   pid=152101590 CAPTCHA detected attempt=1 backing off 11.7s
2026-06-01 19:04:32,566  W01  WARNING   Rate limited — throttling to 2.0 req/s
2026-06-01 19:04:32,567  W01  WARNING   pid=90502483 CAPTCHA detected attempt=1 backing off 12.9s
2026-06-01 19:04:36,695  W01  WARNING   Rate limited — throttling to 2.0 req/s
2026-06-01 19:04:36,695  W01  WARNING   pid=109817302 CAPTCHA detected attempt=1 backing off 11.5s
2026-06-01 19:04:40,280  W01  WARNING   Rate limited — throttling to 2.0 req/s
2026-06-01 19:04:40,280  W01  WARNING   pid=115797048 CAPTCHA detected attempt=1 backing off 13.7s
2026-06-01 19:04:40,609  W01  WARNING   Rate limited — throttling to 2.0 req/s
2026-06-01 19:04:40,609  W01  WARNING   pid=214132254 CAPTCHA detected attempt=1 backing off 15.0s
2026-06-01 19:04:42,063  W01  WARNING   Rate limited — throttling to 2.0 req/s
2026-06-01 19:04:42,063  W01  WARNING   pid=77118801 CAPTCHA detected attempt=1 backing off 10.8s
2026-06-01 19:04:45,518  W01  WARNING   Rate limited — throttling to 2.0 req/s
2026-06-01 19:04:45,519  W01  WARNING   pid=114388318 CAPTCHA detected attempt=1 backing off 11.5s
2026-06-01 19:04:48,180  W01  WARNING   Rate limited — throttling to 2.0 req/s
2026-06-01 19:04:48,180  W01  WARNING   pid=205889604 CAPTCHA detected attempt=1 backing off 10.5s
2026-06-01 19:04:52,844  W01  WARNING   Rate limited — throttling to 2.0 req/s
2026-06-01 19:04:52,845  W01  WARNING   pid=180250847 CAPTCHA detected attempt=1 backing off 10.3s
2026-06-01 19:04:53,970  W01  WARNING   Rate limited — throttling to 2.0 req/s
2026-06-01 19:04:53,971  W01  WARNING   pid=206320111 CAPTCHA detected attempt=1 backing off 11.5s
2026-06-01 19:04:55,609  W01  WARNING   Rate limited — throttling to 2.0 req/s
2026-06-01 19:04:55,609  W01  WARNING   pid=125849698 CAPTCHA detected attempt=1 backing off 13.3s
2026-06-01 19:04:57,020  W01  WARNING   Rate limited — throttling to 2.0 req/s
2026-06-01 19:04:57,020  W01  WARNING   pid=214133343 CAPTCHA detected attempt=1 backing off 12.9s
2026-06-01 19:04:58,701  W01  WARNING   Rate limited — throttling to 2.0 req/s
2026-06-01 19:04:58,701  W01  WARNING   pid=122476439 CAPTCHA detected attempt=1 backing off 11.7s
2026-06-01 19:05:03,188  W01  WARNING   Rate limited — throttling to 2.0 req/s
2026-06-01 19:05:03,188  W01  WARNING   pid=167731466 CAPTCHA detected attempt=1 backing off 12.7s
2026-06-01 19:05:05,509  W01  WARNING   Rate limited — throttling to 2.0 req/s
2026-06-01 19:05:05,510  W01  WARNING   pid=108387913 CAPTCHA detected attempt=1 backing off 11.8s
2026-06-01 19:05:08,987  W01  WARNING   Rate limited — throttling to 2.0 req/s
2026-06-01 19:05:08,987  W01  WARNING   pid=137129695 CAPTCHA detected attempt=1 backing off 14.4s
2026-06-01 19:05:09,888  W01  WARNING   Rate limited — throttling to 2.0 req/s
2026-06-01 19:05:09,888  W01  WARNING   pid=77106168 CAPTCHA detected attempt=1 backing off 13.1s
2026-06-01 19:05:10,430  W01  WARNING   Rate limited — throttling to 2.0 req/s
2026-06-01 19:05:10,430  W01  WARNING   pid=185088725 CAPTCHA detected attempt=1 backing off 14.8s
2026-06-01 19:05:15,863  W01  WARNING   Rate limited — throttling to 2.0 req/s
2026-06-01 19:05:15,863  W01  WARNING   pid=160394232 CAPTCHA detected attempt=1 backing off 11.1s
2026-06-01 19:05:17,350  W01  WARNING   Rate limited — throttling to 2.0 req/s
2026-06-01 19:05:17,350  W01  WARNING   pid=183039472 CAPTCHA detected attempt=1 backing off 14.0s
2026-06-01 19:05:22,952  W01  WARNING   Rate limited — throttling to 2.0 req/s
2026-06-01 19:05:22,953  W01  WARNING   pid=136038537 CAPTCHA detected attempt=1 backing off 10.4s
2026-06-01 19:05:23,583  W01  WARNING   Rate limited — throttling to 2.0 req/s
2026-06-01 19:05:23,583  W01  WARNING   pid=195339869 CAPTCHA detected attempt=1 backing off 13.1s
2026-06-01 19:05:25,237  W01  WARNING   Rate limited — throttling to 2.0 req/s
2026-06-01 19:05:25,237  W01  WARNING   pid=213521783 CAPTCHA detected attempt=1 backing off 10.1s
2026-06-01 19:05:26,981  W01  WARNING   Rate limited — throttling to 2.0 req/s
2026-06-01 19:05:26,982  W01  WARNING   pid=253091620 CAPTCHA detected attempt=1 backing off 13.1s
2026-06-01 19:05:31,406  W01  WARNING   Rate limited — throttling to 2.0 req/s
2026-06-01 19:05:31,406  W01  WARNING   pid=214132607 CAPTCHA detected attempt=1 backing off 13.5s
2026-06-01 19:05:33,403  W01  WARNING   Rate limited — throttling to 2.0 req/s
2026-06-01 19:05:33,403  W01  WARNING   pid=206320133 CAPTCHA detected attempt=1 backing off 10.5s
2026-06-01 19:05:35,359  W01  WARNING   Rate limited — throttling to 2.0 req/s
2026-06-01 19:05:35,360  W01  WARNING   pid=214132356 CAPTCHA detected attempt=1 backing off 12.1s
2026-06-01 19:05:36,702  W01  WARNING   Rate limited — throttling to 2.0 req/s
2026-06-01 19:05:36,702  W01  WARNING   pid=197636604 CAPTCHA detected attempt=1 backing off 11.8s
2026-06-01 19:05:40,094  W01  WARNING   Rate limited — throttling to 2.0 req/s
2026-06-01 19:05:40,094  W01  WARNING   pid=252571692 CAPTCHA detected attempt=1 backing off 11.9s
2026-06-01 19:05:43,929  W01  WARNING   Rate limited — throttling to 2.0 req/s
2026-06-01 19:05:43,929  W01  WARNING   pid=252579346 CAPTCHA detected attempt=1 backing off 10.5s
2026-06-01 19:05:44,930  W01  WARNING   Rate limited — throttling to 2.0 req/s
2026-06-01 19:05:44,930  W01  WARNING   pid=205886131 CAPTCHA detected attempt=1 backing off 10.2s
2026-06-01 19:05:47,505  W01  WARNING   Rate limited — throttling to 2.0 req/s
2026-06-01 19:05:47,506  W01  WARNING   pid=248442355 CAPTCHA detected attempt=1 backing off 11.3s
2026-06-01 19:05:48,465  W01  WARNING   Rate limited — throttling to 2.0 req/s
2026-06-01 19:05:48,465  W01  WARNING   pid=261965633 CAPTCHA detected attempt=1 backing off 10.5s
2026-06-01 19:05:52,044  W01  WARNING   Rate limited — throttling to 2.0 req/s
2026-06-01 19:05:52,045  W01  WARNING   pid=242663204 CAPTCHA detected attempt=1 backing off 12.1s
2026-06-01 19:05:54,397  W01  WARNING   Rate limited — throttling to 2.0 req/s
2026-06-01 19:05:54,397  W01  WARNING   pid=214132509 CAPTCHA detected attempt=1 backing off 12.6s
2026-06-01 19:05:55,150  W01  WARNING   Rate limited — throttling to 2.0 req/s
2026-06-01 19:05:55,151  W01  WARNING   pid=199630134 CAPTCHA detected attempt=1 backing off 13.5s
2026-06-01 19:05:58,932  W01  WARNING   Rate limited — throttling to 2.0 req/s
2026-06-01 19:05:58,933  W01  WARNING   pid=210946549 CAPTCHA detected attempt=1 backing off 14.9s
2026-06-01 19:05:59,028  W01  WARNING   Rate limited — throttling to 2.0 req/s
2026-06-01 19:05:59,028  W01  WARNING   pid=262454572 CAPTCHA detected attempt=1 backing off 13.6s
2026-06-01 19:06:04,126  W01  WARNING   Rate limited — throttling to 2.0 req/s
2026-06-01 19:06:04,126  W01  WARNING   pid=214132843 CAPTCHA detected attempt=1 backing off 11.9s
2026-06-01 19:06:07,013  W01  WARNING   Rate limited — throttling to 2.0 req/s
2026-06-01 19:06:07,014  W01  WARNING   pid=206320015 CAPTCHA detected attempt=1 backing off 14.4s
2026-06-01 19:06:08,663  W01  WARNING   Rate limited — throttling to 2.0 req/s
2026-06-01 19:06:08,663  W01  WARNING   pid=108489158 CAPTCHA detected attempt=1 backing off 14.5s
2026-06-01 19:06:12,614  W01  WARNING   Rate limited — throttling to 2.0 req/s
2026-06-01 19:06:12,614  W01  WARNING   pid=214132976 CAPTCHA detected attempt=1 backing off 14.2s
2026-06-01 19:06:13,839  W01  WARNING   Rate limited — throttling to 2.0 req/s
2026-06-01 19:06:13,839  W01  WARNING   pid=205692600 CAPTCHA detected attempt=1 backing off 13.5s
2026-06-01 19:06:16,079  W01  WARNING   Rate limited — throttling to 2.0 req/s
2026-06-01 19:06:16,079  W01  WARNING   pid=205886057 CAPTCHA detected attempt=1 backing off 14.8s
2026-06-01 19:06:21,477  W01  WARNING   Rate limited — throttling to 2.0 req/s
2026-06-01 19:06:21,477  W01  WARNING   pid=152101571 CAPTCHA detected attempt=1 backing off 11.8s
2026-06-01 19:06:23,216  W01  WARNING   Rate limited — throttling to 2.0 req/s
2026-06-01 19:06:23,216  W01  WARNING   pid=81358185 CAPTCHA detected attempt=1 backing off 14.0s
2026-06-01 19:06:26,790  W01  WARNING   Rate limited — throttling to 2.0 req/s
2026-06-01 19:06:26,790  W01  WARNING   pid=214132342 CAPTCHA detected attempt=1 backing off 14.3s
2026-06-01 19:06:27,386  W01  WARNING   Rate limited — throttling to 2.0 req/s
2026-06-01 19:06:27,386  W01  WARNING   pid=118734843 CAPTCHA detected attempt=1 backing off 12.5s
2026-06-01 19:06:30,883  W01  WARNING   Rate limited — throttling to 2.0 req/s
2026-06-01 19:06:30,883  W01  WARNING   pid=109585386 CAPTCHA detected attempt=1 backing off 13.8s
2026-06-01 19:06:33,302  W01  WARNING   Rate limited — throttling to 2.0 req/s
2026-06-01 19:06:33,302  W01  WARNING   pid=160830686 CAPTCHA detected attempt=1 backing off 12.8s
2026-06-01 19:06:37,212  W01  WARNING   Rate limited — throttling to 2.0 req/s
2026-06-01 19:06:37,212  W01  WARNING   pid=108477107 CAPTCHA detected attempt=1 backing off 14.0s
2026-06-01 19:06:39,942  W01  WARNING   Rate limited — throttling to 2.0 req/s
2026-06-01 19:06:39,942  W01  WARNING   pid=173642962 CAPTCHA detected attempt=1 backing off 11.2s
2026-06-01 19:06:41,108  W01  WARNING   Rate limited — throttling to 2.0 req/s
2026-06-01 19:06:41,108  W01  WARNING   pid=181454315 CAPTCHA detected attempt=1 backing off 13.0s
2026-06-01 19:06:44,722  W01  WARNING   Rate limited — throttling to 2.0 req/s
2026-06-01 19:06:44,723  W01  WARNING   pid=73622541 CAPTCHA detected attempt=1 backing off 12.0s
2026-06-01 19:06:46,088  W01  WARNING   Rate limited — throttling to 2.0 req/s
2026-06-01 19:06:46,089  W01  WARNING   pid=106240788 CAPTCHA detected attempt=1 backing off 14.8s
2026-06-01 19:06:51,186  W01  WARNING   Rate limited — throttling to 2.0 req/s
2026-06-01 19:06:51,187  W01  WARNING   pid=114250738 CAPTCHA detected attempt=1 backing off 11.9s
2026-06-01 19:06:51,259  W01  WARNING   Rate limited — throttling to 2.0 req/s
2026-06-01 19:06:51,259  W01  WARNING   pid=149239764 CAPTCHA detected attempt=1 backing off 13.7s
2026-06-01 19:06:54,177  W01  WARNING   Rate limited — throttling to 2.0 req/s
2026-06-01 19:06:54,177  W01  WARNING   pid=170720010 CAPTCHA detected attempt=1 backing off 12.5s
2026-06-01 19:06:56,713  W01  WARNING   Rate limited — throttling to 2.0 req/s
2026-06-01 19:06:56,714  W01  WARNING   pid=214133098 CAPTCHA detected attempt=1 backing off 14.5s
2026-06-01 19:07:00,870  W01  WARNING   Rate limited — throttling to 2.0 req/s
2026-06-01 19:07:00,870  W01  WARNING   pid=217500442 CAPTCHA detected attempt=1 backing off 11.3s
2026-06-01 19:07:03,112  W01  WARNING   Rate limited — throttling to 2.0 req/s
2026-06-01 19:07:03,112  W01  WARNING   pid=217574617 CAPTCHA detected attempt=1 backing off 11.0s
2026-06-01 19:07:04,938  W01  WARNING   Rate limited — throttling to 2.0 req/s
2026-06-01 19:07:04,939  W01  WARNING   pid=125875971 CAPTCHA detected attempt=1 backing off 10.7s
2026-06-01 19:07:06,710  W01  WARNING   Rate limited — throttling to 2.0 req/s
2026-06-01 19:07:06,711  W01  WARNING   pid=118440533 CAPTCHA detected attempt=1 backing off 12.6s
2026-06-01 19:07:11,242  W01  WARNING   Rate limited — throttling to 2.0 req/s
2026-06-01 19:07:11,243  W01  WARNING   pid=187638171 CAPTCHA detected attempt=1 backing off 10.3s
2026-06-01 19:07:12,230  W01  WARNING   Rate limited — throttling to 2.0 req/s
2026-06-01 19:07:12,231  W01  WARNING   pid=214133024 CAPTCHA detected attempt=1 backing off 14.4s
2026-06-01 19:07:14,121  W01  WARNING   Rate limited — throttling to 2.0 req/s
2026-06-01 19:07:14,121  W01  WARNING   pid=214132290 CAPTCHA detected attempt=1 backing off 12.1s
2026-06-01 19:07:15,670  W01  WARNING   Rate limited — throttling to 2.0 req/s
2026-06-01 19:07:15,670  W01  WARNING   pid=252601625 CAPTCHA detected attempt=1 backing off 11.2s
2026-06-01 19:07:19,311  W01  WARNING   Rate limited — throttling to 2.0 req/s
2026-06-01 19:07:19,312  W01  WARNING   pid=217500330 CAPTCHA detected attempt=1 backing off 11.2s
2026-06-01 19:07:21,557  W01  WARNING   Rate limited — throttling to 2.0 req/s
2026-06-01 19:07:21,557  W01  WARNING   pid=248937094 CAPTCHA detected attempt=1 backing off 12.8s
2026-06-01 19:07:26,260  W01  WARNING   Rate limited — throttling to 2.0 req/s
2026-06-01 19:07:26,260  W01  WARNING   pid=252601733 CAPTCHA detected attempt=1 backing off 10.5s
2026-06-01 19:07:26,657  W01  WARNING   Rate limited — throttling to 2.0 req/s
2026-06-01 19:07:26,657  W01  WARNING   pid=252600894 CAPTCHA detected attempt=1 backing off 10.7s
2026-06-01 19:07:26,901  W01  WARNING   Rate limited — throttling to 2.0 req/s
2026-06-01 19:07:26,901  W01  WARNING   pid=217511383 CAPTCHA detected attempt=1 backing off 11.9s
2026-06-01 19:07:30,580  W01  WARNING   Rate limited — throttling to 2.0 req/s
2026-06-01 19:07:30,581  W01  WARNING   pid=253091372 CAPTCHA detected attempt=1 backing off 13.5s
2026-06-01 19:07:34,343  W01  WARNING   Rate limited — throttling to 2.0 req/s
2026-06-01 19:07:34,344  W01  WARNING   pid=246856891 CAPTCHA detected attempt=1 backing off 13.9s
2026-06-01 19:07:36,916  W01  WARNING   Rate limited — throttling to 2.0 req/s
2026-06-01 19:07:36,916  W01  WARNING   pid=247406166 CAPTCHA detected attempt=1 backing off 13.2s
2026-06-01 19:07:37,349  W01  WARNING   Rate limited — throttling to 2.0 req/s
2026-06-01 19:07:37,350  W01  WARNING   pid=248559663 CAPTCHA detected attempt=1 backing off 13.4s
2026-06-01 19:07:38,790  W01  WARNING   Rate limited — throttling to 2.0 req/s
2026-06-01 19:07:38,791  W01  WARNING   pid=252583086 CAPTCHA detected attempt=1 backing off 14.3s
2026-06-01 19:07:44,100  W01  WARNING   Rate limited — throttling to 2.0 req/s
2026-06-01 19:07:44,100  W01  WARNING   pid=252765486 CAPTCHA detected attempt=1 backing off 11.3s
2026-06-01 19:07:48,234  W01  WARNING   Rate limited — throttling to 2.0 req/s
2026-06-01 19:07:48,234  W01  WARNING   pid=252766795 CAPTCHA detected attempt=1 backing off 10.6s
2026-06-01 19:07:50,120  W01  WARNING   Rate limited — throttling to 2.0 req/s
2026-06-01 19:07:50,120  W01  WARNING   pid=252562439 CAPTCHA detected attempt=1 backing off 11.9s
2026-06-01 19:07:50,795  W01  WARNING   Rate limited — throttling to 2.0 req/s
2026-06-01 19:07:50,796  W01  WARNING   pid=20213965 CAPTCHA detected attempt=1 backing off 11.4s
2026-06-01 19:07:53,159  W01  WARNING   Rate limited — throttling to 2.0 req/s
2026-06-01 19:07:53,159  W01  WARNING   pid=253309474 CAPTCHA detected attempt=1 backing off 11.9s
2026-06-01 19:07:55,404  W01  WARNING   Rate limited — throttling to 2.0 req/s
2026-06-01 19:07:55,404  W01  WARNING   pid=253390378 CAPTCHA detected attempt=1 backing off 14.3s
2026-06-01 19:07:58,835  W01  WARNING   Rate limited — throttling to 2.0 req/s
2026-06-01 19:07:58,836  W01  WARNING   pid=253106986 CAPTCHA detected attempt=1 backing off 13.6s
2026-06-01 19:08:02,075  W01  WARNING   Rate limited — throttling to 2.0 req/s
2026-06-01 19:08:02,076  W01  WARNING   pid=115897170 CAPTCHA detected attempt=1 backing off 11.2s
2026-06-01 19:08:02,236  W01  WARNING   Rate limited — throttling to 2.0 req/s
2026-06-01 19:08:02,237  W01  WARNING   pid=203244477 CAPTCHA detected attempt=1 backing off 14.5s
2026-06-01 19:08:05,130  W01  WARNING   Rate limited — throttling to 2.0 req/s
2026-06-01 19:08:05,131  W01  WARNING   pid=202509764 CAPTCHA detected attempt=1 backing off 11.8s
2026-06-01 19:08:09,736  W01  WARNING   Rate limited — throttling to 2.0 req/s
2026-06-01 19:08:09,737  W01  WARNING   pid=192911079 CAPTCHA detected attempt=1 backing off 12.3s
2026-06-01 19:08:12,450  W01  WARNING   Rate limited — throttling to 2.0 req/s
2026-06-01 19:08:12,451  W01  WARNING   pid=253526215 CAPTCHA detected attempt=1 backing off 14.7s
2026-06-01 19:08:13,240  W01  WARNING   Rate limited — throttling to 2.0 req/s
2026-06-01 19:08:13,240  W01  WARNING   pid=191515156 CAPTCHA detected attempt=1 backing off 11.7s
2026-06-01 19:08:16,778  W01  WARNING   Rate limited — throttling to 2.0 req/s
2026-06-01 19:08:16,778  W01  WARNING   pid=191515346 CAPTCHA detected attempt=1 backing off 14.8s
2026-06-01 19:08:16,922  W01  WARNING   Rate limited — throttling to 2.0 req/s
2026-06-01 19:08:16,923  W01  WARNING   pid=24004250 CAPTCHA detected attempt=1 backing off 14.0s
2026-06-06 15:08:08,753  W01  INFO      2624/52494 (5.0%)  rate=2/s  ETA=6:57:17
2026-06-06 15:30:05,334  W01  INFO      5248/52494 (10.0%)  rate=2/s  ETA=6:34:49
2026-06-06 15:51:59,218  W01  INFO      7872/52494 (15.0%)  rate=2/s  ETA=6:12:43
2026-06-06 16:19:49,520  W01  INFO      [worker 01] batch 0020  (1000 products) → output/products_batch_w01_0020.json
2026-06-06 16:36:22,066  W01  INFO      [worker 01] batch 0021  (1000 products) → output/products_batch_w01_0021.json
2026-06-06 16:36:56,346  W01  INFO      10496/52494 (20.0%)  rate=2/s  ETA=5:50:44
2026-06-06 16:51:14,756  W01  INFO      [worker 01] batch 0022  (1000 products) → output/products_batch_w01_0022.json
2026-06-06 16:58:50,522  W01  INFO      13120/52494 (25.0%)  rate=2/s  ETA=5:28:48
2026-06-06 17:06:56,106  W01  INFO      [worker 01] batch 0023  (1000 products) → output/products_batch_w01_0023.json
2026-06-06 17:19:50,113  W01  INFO      [worker 01] batch 0024  (1000 products) → output/products_batch_w01_0024.json
2026-06-06 17:20:44,177  W01  INFO      15744/52494 (30.0%)  rate=2/s  ETA=5:06:50
2026-06-06 17:42:38,126  W01  INFO      18368/52494 (35.0%)  rate=2/s  ETA=4:44:55
2026-06-06 18:04:31,984  W01  INFO      20992/52494 (40.0%)  rate=2/s  ETA=4:22:59
2026-06-06 18:06:10,097  W01  INFO      [worker 01] batch 0025  (1000 products) → output/products_batch_w01_0025.json
2026-06-06 18:26:25,977  W01  INFO      23616/52494 (45.0%)  rate=2/s  ETA=4:01:04
2026-06-06 18:27:40,063  W01  INFO      [worker 01] batch 0026  (1000 products) → output/products_batch_w01_0026.json
2026-06-06 18:48:19,633  W01  INFO      26240/52494 (50.0%)  rate=2/s  ETA=3:39:09
2026-06-06 18:56:01,409  W01  INFO      [worker 01] batch 0027  (1000 products) → output/products_batch_w01_0027.json
2026-06-06 19:10:28,588  W01  INFO      28864/52494 (55.0%)  rate=2/s  ETA=3:17:15
2026-06-06 19:18:06,487  W01  INFO      [worker 01] batch 0028  (1000 products) → output/products_batch_w01_0028.json
2026-06-06 19:32:22,760  W01  INFO      31488/52494 (60.0%)  rate=2/s  ETA=2:55:21
2026-06-06 19:35:22,780  W01  INFO      [worker 01] batch 0029  (1000 products) → output/products_batch_w01_0029.json
2026-06-06 19:54:16,330  W01  INFO      34112/52494 (65.0%)  rate=2/s  ETA=2:33:26
2026-06-06 19:58:37,822  W01  INFO      [worker 01] batch 0030  (1000 products) → output/products_batch_w01_0030.json
2026-06-06 20:10:02,429  W01  INFO      [worker 01] batch 0031  (1000 products) → output/products_batch_w01_0031.json
2026-06-06 20:16:09,896  W01  INFO      36736/52494 (70.0%)  rate=2/s  ETA=2:11:31
2026-06-06 20:22:44,367  W01  INFO      [worker 01] batch 0032  (1000 products) → output/products_batch_w01_0032.json
2026-06-06 20:34:23,266  W01  INFO      [worker 01] batch 0033  (1000 products) → output/products_batch_w01_0033.json
2026-06-06 20:38:03,547  W01  INFO      39360/52494 (75.0%)  rate=2/s  ETA=1:49:37
2026-06-06 20:47:16,343  W01  INFO      [worker 01] batch 0034  (1000 products) → output/products_batch_w01_0034.json
2026-06-06 20:59:57,385  W01  INFO      41984/52494 (80.0%)  rate=2/s  ETA=1:27:43
2026-06-08 12:42:37,173  W01  INFO      1558/31161 (5.0%)  rate=2/s  ETA=4:07:09
2026-06-08 12:55:37,264  W01  INFO      3116/31161 (10.0%)  rate=2/s  ETA=3:54:05
2026-06-08 13:11:22,505  W01  INFO      4674/31161 (15.0%)  rate=2/s  ETA=3:41:04
2026-06-08 13:24:22,497  W01  INFO      6232/31161 (20.0%)  rate=2/s  ETA=3:28:03
2026-06-08 13:37:22,713  W01  INFO      7790/31161 (25.0%)  rate=2/s  ETA=3:15:03
2026-06-08 13:50:22,441  W01  INFO      9348/31161 (30.0%)  rate=2/s  ETA=3:02:02
2026-06-08 14:03:22,365  W01  INFO      10906/31161 (35.0%)  rate=2/s  ETA=2:49:01
2026-06-08 14:16:22,490  W01  INFO      12464/31161 (40.0%)  rate=2/s  ETA=2:36:01
2026-06-08 14:49:05,472  W01  INFO      14022/31161 (45.0%)  rate=2/s  ETA=2:23:05
2026-06-08 15:02:05,424  W01  INFO      15580/31161 (50.0%)  rate=2/s  ETA=2:10:04
2026-06-08 15:15:05,408  W01  INFO      17138/31161 (55.0%)  rate=2/s  ETA=1:57:03
2026-06-08 15:28:05,550  W01  INFO      18696/31161 (60.0%)  rate=2/s  ETA=1:44:03
2026-06-08 15:58:19,431  W01  INFO      20254/31161 (65.0%)  rate=2/s  ETA=1:31:03
2026-06-08 16:11:19,305  W01  INFO      21812/31161 (70.0%)  rate=2/s  ETA=1:18:03
2026-06-08 16:11:47,353  W01  INFO      [worker 01] batch 0035  (1000 products) → output/products_batch_w01_0035.json
2026-06-08 16:24:19,223  W01  INFO      23370/31161 (75.0%)  rate=2/s  ETA=1:05:02
2026-06-08 16:27:08,490  W01  INFO      [worker 01] batch 0036  (1000 products) → output/products_batch_w01_0036.json
2026-06-08 16:37:19,165  W01  INFO      24928/31161 (80.0%)  rate=2/s  ETA=0:52:01
2026-06-08 16:42:16,540  W01  INFO      [worker 01] batch 0037  (1000 products) → output/products_batch_w01_0037.json
2026-06-08 16:50:19,098  W01  INFO      26486/31161 (85.0%)  rate=2/s  ETA=0:39:01
2026-06-08 16:56:21,559  W01  INFO      [worker 01] batch 0038  (1000 products) → output/products_batch_w01_0038.json
2026-06-08 17:03:19,110  W01  INFO      28044/31161 (90.0%)  rate=2/s  ETA=0:26:01
2026-06-08 17:16:19,011  W01  INFO      29602/31161 (95.0%)  rate=2/s  ETA=0:13:00
2026-06-08 17:29:18,939  W01  INFO      31160/31161 (100.0%)  rate=2/s  ETA=0:00:00
2026-06-08 17:29:18,997  W01  INFO      31161/31161 (100.0%)  rate=2/s  ETA=0:00:00
2026-06-08 17:29:19,061  W01  INFO      [worker 01] batch 0039  (357 products) → output/products_batch_w01_0039.json
2026-06-08 17:29:19,062  W01  INFO      Done — success=4357 errors=26804 elapsed=4:20:05
